<?xml version="1.0" encoding="UTF-8"?>
<!-- Generated by org.testng.reporters.JUnitReportReporter -->
<testsuite skipped="0" hostname="DESKTOP-N60QB27" name="testcases.LoginTest" tests="1" failures="0" timestamp="2022-12-23T10:20:01 IST" time="0.017" errors="0">
  <testcase name="titleTest" time="0.017" classname="testcases.LoginTest"/>
</testsuite> <!-- testcases.LoginTest -->
